#-----------------------------------------------------------
# Vivado v2024.2 (64-bit)
# SW Build 5239630 on Fri Nov 08 22:34:34 MST 2024
# IP Build 5239520 on Sun Nov 10 16:12:51 MST 2024
# SharedData Build 5239561 on Fri Nov 08 14:39:27 MST 2024
# Start of session at: Tue Dec  9 16:27:29 2025
# Process ID         : 658
# Current directory  : /home/liptp/courses_2025/general_ex_6/sdr-psk-fpga-2025
# Command line       : vivado sdr-psk-fpga-2025.xpr
# Log file           : /home/liptp/courses_2025/general_ex_6/sdr-psk-fpga-2025/vivado.log
# Journal file       : /home/liptp/courses_2025/general_ex_6/sdr-psk-fpga-2025/vivado.jou
# Running On         : LiPtPDesktop
# Platform           : Ubuntu
# Operating System   : Ubuntu 24.04.2 LTS
# Processor Detail   : Intel(R) Core(TM) i9-14900HX
# CPU Frequency      : 2419.198 MHz
# CPU Physical cores : 16
# CPU Logical cores  : 32
# Host memory        : 16611 MB
# Swap memory        : 4294 MB
# Total Virtual      : 20906 MB
# Available Virtual  : 20219 MB
#-----------------------------------------------------------
start_gui
open_project sdr-psk-fpga-2025.xpr
CRITICAL WARNING: [Project 1-19] Could not find the file '/home/liptp/courses_2025/general_ex_6/sdr-psk-fpga-2025/constriants/lt_zynq_V200.xdc'.
Scanning sources...
Finished scanning sources
INFO: [IP_Flow 19-234] Refreshing IP repositories
INFO: [IP_Flow 19-1704] No user IP repositories specified
INFO: [IP_Flow 19-2313] Loaded Vivado IP repository '/tools/Xilinx/Vivado/2024.2/data/ip'.
update_compile_order -fileset sources_1
ERROR: [Vivado 12-106] *** Exception: java.lang.IllegalArgumentException: Width (0) and height (0) cannot be <= 0 (See /home/liptp/courses_2025/general_ex_6/sdr-psk-fpga-2025/vivado_pid658.debug)
ERROR: [Vivado 12-106] *** Exception: java.lang.IllegalArgumentException: Width (0) and height (0) cannot be <= 0 (See /home/liptp/courses_2025/general_ex_6/sdr-psk-fpga-2025/vivado_pid658.debug)
ERROR: [Vivado 12-106] *** Exception: java.lang.IllegalArgumentException: Width (0) and height (0) cannot be <= 0 (See /home/liptp/courses_2025/general_ex_6/sdr-psk-fpga-2025/vivado_pid658.debug)
ERROR: [Vivado 12-106] *** Exception: java.lang.IllegalArgumentException: Width (0) and height (0) cannot be <= 0 (See /home/liptp/courses_2025/general_ex_6/sdr-psk-fpga-2025/vivado_pid658.debug)
ERROR: [Vivado 12-106] *** Exception: java.lang.IllegalArgumentException: Width (0) and height (0) cannot be <= 0 (See /home/liptp/courses_2025/general_ex_6/sdr-psk-fpga-2025/vivado_pid658.debug)
ERROR: [Vivado 12-106] *** Exception: java.lang.IllegalArgumentException: Width (0) and height (0) cannot be <= 0 (See /home/liptp/courses_2025/general_ex_6/sdr-psk-fpga-2025/vivado_pid658.debug)
ERROR: [Vivado 12-106] *** Exception: java.lang.IllegalArgumentException: Width (0) and height (0) cannot be <= 0 (See /home/liptp/courses_2025/general_ex_6/sdr-psk-fpga-2025/vivado_pid658.debug)
ERROR: [Vivado 12-106] *** Exception: java.lang.IllegalArgumentException: Width (0) and height (0) cannot be <= 0 (See /home/liptp/courses_2025/general_ex_6/sdr-psk-fpga-2025/vivado_pid658.debug)
ERROR: [Vivado 12-106] *** Exception: java.lang.IllegalArgumentException: Width (0) and height (0) cannot be <= 0 (See /home/liptp/courses_2025/general_ex_6/sdr-psk-fpga-2025/vivado_pid658.debug)
ERROR: [Vivado 12-106] *** Exception: java.lang.IllegalArgumentException: Width (0) and height (0) cannot be <= 0 (See /home/liptp/courses_2025/general_ex_6/sdr-psk-fpga-2025/vivado_pid658.debug)
ERROR: [Vivado 12-106] *** Exception: java.lang.IllegalArgumentException: Width (0) and height (0) cannot be <= 0 (See /home/liptp/courses_2025/general_ex_6/sdr-psk-fpga-2025/vivado_pid658.debug)
ERROR: [Vivado 12-106] *** Exception: java.lang.IllegalArgumentException: Width (0) and height (0) cannot be <= 0 (See /home/liptp/courses_2025/general_ex_6/sdr-psk-fpga-2025/vivado_pid658.debug)
ERROR: [Vivado 12-106] *** Exception: java.lang.IllegalArgumentException: Width (0) and height (0) cannot be <= 0 (See /home/liptp/courses_2025/general_ex_6/sdr-psk-fpga-2025/vivado_pid658.debug)
ERROR: [Vivado 12-106] *** Exception: java.lang.IllegalArgumentException: Width (0) and height (0) cannot be <= 0 (See /home/liptp/courses_2025/general_ex_6/sdr-psk-fpga-2025/vivado_pid658.debug)
ERROR: [Vivado 12-106] *** Exception: java.lang.IllegalArgumentException: Width (0) and height (0) cannot be <= 0 (See /home/liptp/courses_2025/general_ex_6/sdr-psk-fpga-2025/vivado_pid658.debug)
ERROR: [Vivado 12-106] *** Exception: java.lang.IllegalArgumentException: Width (0) and height (0) cannot be <= 0 (See /home/liptp/courses_2025/general_ex_6/sdr-psk-fpga-2025/vivado_pid658.debug)
ERROR: [Vivado 12-106] *** Exception: java.lang.IllegalArgumentException: Width (0) and height (0) cannot be <= 0 (See /home/liptp/courses_2025/general_ex_6/sdr-psk-fpga-2025/vivado_pid658.debug)
