#-----------------------------------------------------------
# Vivado v2024.2 (64-bit)
# SW Build 5239630 on Fri Nov 08 22:34:34 MST 2024
# IP Build 5239520 on Sun Nov 10 16:12:51 MST 2024
# SharedData Build 5239561 on Fri Nov 08 14:39:27 MST 2024
# Start of session at: Thu Dec 11 14:39:36 2025
# Process ID         : 12500
# Current directory  : /home/liptp/courses_2025/general_ex_6/sdr-psk-fpga-2025
# Command line       : vivado sdr-psk-fpga-2025.xpr
# Log file           : /home/liptp/courses_2025/general_ex_6/sdr-psk-fpga-2025/vivado.log
# Journal file       : /home/liptp/courses_2025/general_ex_6/sdr-psk-fpga-2025/vivado.jou
# Running On         : LiPtPDesktop
# Platform           : Ubuntu
# Operating System   : Ubuntu 24.04.2 LTS
# Processor Detail   : Intel(R) Core(TM) i9-14900HX
# CPU Frequency      : 2419.198 MHz
# CPU Physical cores : 16
# CPU Logical cores  : 32
# Host memory        : 16611 MB
# Swap memory        : 4294 MB
# Total Virtual      : 20906 MB
# Available Virtual  : 18451 MB
#-----------------------------------------------------------
start_gui
open_project sdr-psk-fpga-2025.xpr
CRITICAL WARNING: [Project 1-19] Could not find the file '/home/liptp/courses_2025/general_ex_6/sdr-psk-fpga-2025/constriants/lt_zynq_V200.xdc'.
Scanning sources...
Finished scanning sources
INFO: [IP_Flow 19-234] Refreshing IP repositories
INFO: [IP_Flow 19-1704] No user IP repositories specified
INFO: [IP_Flow 19-2313] Loaded Vivado IP repository '/tools/Xilinx/Vivado/2024.2/data/ip'.
update_compile_order -fileset sources_1
update_files -from_files /home/liptp/courses_2025/general_ex_6/sdr-psk-fpga-2025/constraints/lt_zynq_V200.xdc -to_files /home/liptp/courses_2025/general_ex_6/sdr-psk-fpga-2025/constriants/lt_zynq_V200.xdc -filesets [get_filesets *]
INFO: [filemgmt 20-762] Replacing file '/home/liptp/courses_2025/general_ex_6/sdr-psk-fpga-2025/constriants/lt_zynq_V200.xdc' with file '/home/liptp/courses_2025/general_ex_6/sdr-psk-fpga-2025/constraints/lt_zynq_V200.xdc'.
add_files -scan_for_includes {/home/liptp/courses_2025/general_ex_6/sdr-psk-fpga-2025/verilog/PSK_Signal_Extend.v /home/liptp/courses_2025/general_ex_6/sdr-psk-fpga-2025/verilog/Tx_wrapper.v /home/liptp/courses_2025/general_ex_6/sdr-psk-fpga-2025/verilog/PSK_Detection.v /home/liptp/courses_2025/general_ex_6/sdr-psk-fpga-2025/verilog/Error_Detect_Ctrl.v /home/liptp/courses_2025/general_ex_6/sdr-psk-fpga-2025/verilog/Not_Gate.v /home/liptp/courses_2025/general_ex_6/sdr-psk-fpga-2025/verilog/Rx_SD.v /home/liptp/courses_2025/general_ex_6/sdr-psk-fpga-2025/verilog/Delay.v /home/liptp/courses_2025/general_ex_6/sdr-psk-fpga-2025/verilog/PN_Gen.v /home/liptp/courses_2025/general_ex_6/sdr-psk-fpga-2025/verilog/Gardner_Corrector.v /home/liptp/courses_2025/general_ex_6/sdr-psk-fpga-2025/verilog/Gardner_IQ_Pre.v /home/liptp/courses_2025/general_ex_6/sdr-psk-fpga-2025/verilog/tb/tb_BPSK.v /home/liptp/courses_2025/general_ex_6/sdr-psk-fpga-2025/verilog/Div_clk32M768.v /home/liptp/courses_2025/general_ex_6/sdr-psk-fpga-2025/verilog/AXI_2x.v /home/liptp/courses_2025/general_ex_6/sdr-psk-fpga-2025/verilog/Clock_Gen_wrapper.v /home/liptp/courses_2025/general_ex_6/sdr-psk-fpga-2025/verilog/NCO_Phase.v /home/liptp/courses_2025/general_ex_6/sdr-psk-fpga-2025/verilog/PSK_Mod.v /home/liptp/courses_2025/general_ex_6/sdr-psk-fpga-2025/verilog/PSK_Modulation_wrapper.v /home/liptp/courses_2025/general_ex_6/sdr-psk-fpga-2025/verilog/Gardner_Timing_Error.v /home/liptp/courses_2025/general_ex_6/sdr-psk-fpga-2025/verilog/top_wrapper.v /home/liptp/courses_2025/general_ex_6/sdr-psk-fpga-2025/verilog/Rx_PD.v /home/liptp/courses_2025/general_ex_6/sdr-psk-fpga-2025/verilog/tb/tb_Tx.v /home/liptp/courses_2025/general_ex_6/sdr-psk-fpga-2025/verilog/Abs.v /home/liptp/courses_2025/general_ex_6/sdr-psk-fpga-2025/verilog/tb/tb_QPSK.v /home/liptp/courses_2025/general_ex_6/sdr-psk-fpga-2025/verilog/Depacketizer.v /home/liptp/courses_2025/general_ex_6/sdr-psk-fpga-2025/verilog/utils/constant.v /home/liptp/courses_2025/general_ex_6/sdr-psk-fpga-2025/verilog/tb/tb_MIX.v /home/liptp/courses_2025/general_ex_6/sdr-psk-fpga-2025/verilog/Bits_Flatten.v /home/liptp/courses_2025/general_ex_6/sdr-psk-fpga-2025/verilog/Tx_Data.v /home/liptp/courses_2025/general_ex_6/sdr-psk-fpga-2025/verilog/Packetizer.v /home/liptp/courses_2025/general_ex_6/sdr-psk-fpga-2025/verilog/Rx_wrapper.v /home/liptp/courses_2025/general_ex_6/sdr-psk-fpga-2025/verilog/vendor/AD9361_1RT_FDD.v /home/liptp/courses_2025/general_ex_6/sdr-psk-fpga-2025/verilog/NCO_cos_sin.v /home/liptp/courses_2025/general_ex_6/sdr-psk-fpga-2025/verilog/Truncate_IQ.v /home/liptp/courses_2025/general_ex_6/sdr-psk-fpga-2025/verilog/Rx_BD.v}
WARNING: [filemgmt 56-12] File '/home/liptp/courses_2025/general_ex_6/sdr-psk-fpga-2025/verilog/PSK_Signal_Extend.v' cannot be added to the project because it already exists in the project, skipping this file
WARNING: [filemgmt 56-12] File '/home/liptp/courses_2025/general_ex_6/sdr-psk-fpga-2025/verilog/PSK_Detection.v' cannot be added to the project because it already exists in the project, skipping this file
WARNING: [filemgmt 56-12] File '/home/liptp/courses_2025/general_ex_6/sdr-psk-fpga-2025/verilog/Error_Detect_Ctrl.v' cannot be added to the project because it already exists in the project, skipping this file
WARNING: [filemgmt 56-12] File '/home/liptp/courses_2025/general_ex_6/sdr-psk-fpga-2025/verilog/Not_Gate.v' cannot be added to the project because it already exists in the project, skipping this file
WARNING: [filemgmt 56-12] File '/home/liptp/courses_2025/general_ex_6/sdr-psk-fpga-2025/verilog/Rx_SD.v' cannot be added to the project because it already exists in the project, skipping this file
WARNING: [filemgmt 56-12] File '/home/liptp/courses_2025/general_ex_6/sdr-psk-fpga-2025/verilog/Delay.v' cannot be added to the project because it already exists in the project, skipping this file
WARNING: [filemgmt 56-12] File '/home/liptp/courses_2025/general_ex_6/sdr-psk-fpga-2025/verilog/PN_Gen.v' cannot be added to the project because it already exists in the project, skipping this file
WARNING: [filemgmt 56-12] File '/home/liptp/courses_2025/general_ex_6/sdr-psk-fpga-2025/verilog/Gardner_Corrector.v' cannot be added to the project because it already exists in the project, skipping this file
WARNING: [filemgmt 56-12] File '/home/liptp/courses_2025/general_ex_6/sdr-psk-fpga-2025/verilog/Gardner_IQ_Pre.v' cannot be added to the project because it already exists in the project, skipping this file
WARNING: [filemgmt 56-12] File '/home/liptp/courses_2025/general_ex_6/sdr-psk-fpga-2025/verilog/tb/tb_BPSK.v' cannot be added to the project because it already exists in the project, skipping this file
WARNING: [filemgmt 56-12] File '/home/liptp/courses_2025/general_ex_6/sdr-psk-fpga-2025/verilog/Div_clk32M768.v' cannot be added to the project because it already exists in the project, skipping this file
WARNING: [filemgmt 56-12] File '/home/liptp/courses_2025/general_ex_6/sdr-psk-fpga-2025/verilog/AXI_2x.v' cannot be added to the project because it already exists in the project, skipping this file
WARNING: [filemgmt 56-12] File '/home/liptp/courses_2025/general_ex_6/sdr-psk-fpga-2025/verilog/NCO_Phase.v' cannot be added to the project because it already exists in the project, skipping this file
WARNING: [filemgmt 56-12] File '/home/liptp/courses_2025/general_ex_6/sdr-psk-fpga-2025/verilog/PSK_Mod.v' cannot be added to the project because it already exists in the project, skipping this file
WARNING: [filemgmt 56-12] File '/home/liptp/courses_2025/general_ex_6/sdr-psk-fpga-2025/verilog/Gardner_Timing_Error.v' cannot be added to the project because it already exists in the project, skipping this file
WARNING: [filemgmt 56-12] File '/home/liptp/courses_2025/general_ex_6/sdr-psk-fpga-2025/verilog/Rx_PD.v' cannot be added to the project because it already exists in the project, skipping this file
WARNING: [filemgmt 56-12] File '/home/liptp/courses_2025/general_ex_6/sdr-psk-fpga-2025/verilog/tb/tb_Tx.v' cannot be added to the project because it already exists in the project, skipping this file
WARNING: [filemgmt 56-12] File '/home/liptp/courses_2025/general_ex_6/sdr-psk-fpga-2025/verilog/Abs.v' cannot be added to the project because it already exists in the project, skipping this file
WARNING: [filemgmt 56-12] File '/home/liptp/courses_2025/general_ex_6/sdr-psk-fpga-2025/verilog/tb/tb_QPSK.v' cannot be added to the project because it already exists in the project, skipping this file
WARNING: [filemgmt 56-12] File '/home/liptp/courses_2025/general_ex_6/sdr-psk-fpga-2025/verilog/Depacketizer.v' cannot be added to the project because it already exists in the project, skipping this file
WARNING: [filemgmt 56-12] File '/home/liptp/courses_2025/general_ex_6/sdr-psk-fpga-2025/verilog/tb/tb_MIX.v' cannot be added to the project because it already exists in the project, skipping this file
WARNING: [filemgmt 56-12] File '/home/liptp/courses_2025/general_ex_6/sdr-psk-fpga-2025/verilog/Bits_Flatten.v' cannot be added to the project because it already exists in the project, skipping this file
WARNING: [filemgmt 56-12] File '/home/liptp/courses_2025/general_ex_6/sdr-psk-fpga-2025/verilog/Tx_Data.v' cannot be added to the project because it already exists in the project, skipping this file
WARNING: [filemgmt 56-12] File '/home/liptp/courses_2025/general_ex_6/sdr-psk-fpga-2025/verilog/Packetizer.v' cannot be added to the project because it already exists in the project, skipping this file
WARNING: [filemgmt 56-12] File '/home/liptp/courses_2025/general_ex_6/sdr-psk-fpga-2025/verilog/vendor/AD9361_1RT_FDD.v' cannot be added to the project because it already exists in the project, skipping this file
WARNING: [filemgmt 56-12] File '/home/liptp/courses_2025/general_ex_6/sdr-psk-fpga-2025/verilog/NCO_cos_sin.v' cannot be added to the project because it already exists in the project, skipping this file
WARNING: [filemgmt 56-12] File '/home/liptp/courses_2025/general_ex_6/sdr-psk-fpga-2025/verilog/Truncate_IQ.v' cannot be added to the project because it already exists in the project, skipping this file
WARNING: [filemgmt 56-12] File '/home/liptp/courses_2025/general_ex_6/sdr-psk-fpga-2025/verilog/Rx_BD.v' cannot be added to the project because it already exists in the project, skipping this file
update_compile_order -fileset sources_1
set_property top top [current_fileset]
update_compile_order -fileset sources_1
can't read "p_output_type": no such variable
can't read "p_output_type": no such variable
can't read "p_output_type": no such variable
can't read "p_output_type": no such variable
can't read "p_output_type": no such variable
can't read "p_output_type": no such variable
can't read "p_output_type": no such variable
can't read "p_output_type": no such variable
can't read "p_output_type": no such variable
can't read "p_output_type": no such variable
can't read "p_output_type": no such variable
can't read "p_output_type": no such variable
can't read "p_output_type": no such variable
can't read "p_output_type": no such variable
can't read "p_output_type": no such variable
can't read "p_output_type": no such variable
can't read "p_output_type": no such variable
can't read "p_output_type": no such variable
can't read "p_output_type": no such variable
can't read "p_output_type": no such variable
can't read "p_output_type": no such variable
can't read "p_output_type": no such variable
can't read "p_output_type": no such variable
can't read "p_output_type": no such variable
can't read "p_output_type": no such variable
can't read "p_output_type": no such variable
can't read "p_output_type": no such variable
can't read "p_output_type": no such variable
can't read "p_output_type": no such variable
can't read "p_output_type": no such variable
can't read "p_output_type": no such variable
can't read "p_output_type": no such variable
can't read "p_output_type": no such variable
can't read "p_output_type": no such variable
can't read "p_output_type": no such variable
can't read "p_output_type": no such variable
can't read "p_output_type": no such variable
can't read "p_output_type": no such variable
can't read "p_output_type": no such variable
can't read "p_output_type": no such variable
can't read "p_output_type": no such variable
can't read "p_output_type": no such variable
create_ip -name dds_compiler -vendor xilinx.com -library ip -version 6.0 -module_name carrier_gen -dir /home/liptp/courses_2025/general_ex_6/sdr-psk-fpga-2025/ip/Tx
set_property -dict [list \
  CONFIG.DATA_Has_TLAST {Not_Required} \
  CONFIG.DDS_Clock_Rate {16.384} \
  CONFIG.Frequency_Resolution {512} \
  CONFIG.Has_Phase_Out {false} \
  CONFIG.Latency {7} \
  CONFIG.M_DATA_Has_TUSER {Not_Required} \
  CONFIG.Noise_Shaping {Auto} \
  CONFIG.OUTPUT_FORM {Twos_Complement} \
  CONFIG.Output_Frequency1 {4.096} \
  CONFIG.Output_Width {12} \
  CONFIG.PINC1 {10000000000000} \
  CONFIG.Phase_Increment {Programmable} \
  CONFIG.Phase_Width {15} \
  CONFIG.S_PHASE_Has_TUSER {Not_Required} \
  CONFIG.Spurious_Free_Dynamic_Range {72} \
] [get_ips carrier_gen]
generate_target {instantiation_template} [get_files /home/liptp/courses_2025/general_ex_6/sdr-psk-fpga-2025/ip/Tx/carrier_gen/carrier_gen.xci]
INFO: [IP_Flow 19-1686] Generating 'Instantiation Template' target for IP 'carrier_gen'...
generate_target all [get_files  /home/liptp/courses_2025/general_ex_6/sdr-psk-fpga-2025/ip/Tx/carrier_gen/carrier_gen.xci]
INFO: [IP_Flow 19-1686] Generating 'Synthesis' target for IP 'carrier_gen'...
INFO: [IP_Flow 19-1686] Generating 'Simulation' target for IP 'carrier_gen'...
INFO: [IP_Flow 19-1686] Generating 'C Simulation' target for IP 'carrier_gen'...
INFO: [IP_Flow 19-1686] Generating 'Test Bench' target for IP 'carrier_gen'...
INFO: [IP_Flow 19-1686] Generating 'Change Log' target for IP 'carrier_gen'...
catch { config_ip_cache -export [get_ips -all carrier_gen] }
INFO: [IP_Flow 19-6924] IPCACHE: Running cache check for IP inst: carrier_gen
export_ip_user_files -of_objects [get_files /home/liptp/courses_2025/general_ex_6/sdr-psk-fpga-2025/ip/Tx/carrier_gen/carrier_gen.xci] -no_script -sync -force -quiet
create_ip_run [get_files -of_objects [get_fileset sources_1] /home/liptp/courses_2025/general_ex_6/sdr-psk-fpga-2025/ip/Tx/carrier_gen/carrier_gen.xci]
launch_runs carrier_gen_synth_1 -jobs 32
INFO: [IP_Flow 19-6924] IPCACHE: Running cache check for IP inst: carrier_gen
[Thu Dec 11 14:44:59 2025] Launched carrier_gen_synth_1...
Run output will be captured here: /home/liptp/courses_2025/general_ex_6/sdr-psk-fpga-2025/sdr-psk-fpga-2025.runs/carrier_gen_synth_1/runme.log
export_simulation -lib_map_path [list {modelsim=/home/liptp/courses_2025/general_ex_6/sdr-psk-fpga-2025/sdr-psk-fpga-2025.cache/compile_simlib/modelsim} {questa=/home/liptp/courses_2025/general_ex_6/sdr-psk-fpga-2025/sdr-psk-fpga-2025.cache/compile_simlib/questa} {xcelium=/home/liptp/courses_2025/general_ex_6/sdr-psk-fpga-2025/sdr-psk-fpga-2025.cache/compile_simlib/xcelium} {vcs=/home/liptp/courses_2025/general_ex_6/sdr-psk-fpga-2025/sdr-psk-fpga-2025.cache/compile_simlib/vcs} {riviera=/home/liptp/courses_2025/general_ex_6/sdr-psk-fpga-2025/sdr-psk-fpga-2025.cache/compile_simlib/riviera}] -of_objects [get_files /home/liptp/courses_2025/general_ex_6/sdr-psk-fpga-2025/ip/Tx/carrier_gen/carrier_gen.xci] -directory /home/liptp/courses_2025/general_ex_6/sdr-psk-fpga-2025/sdr-psk-fpga-2025.ip_user_files/sim_scripts -ip_user_files_dir /home/liptp/courses_2025/general_ex_6/sdr-psk-fpga-2025/sdr-psk-fpga-2025.ip_user_files -ipstatic_source_dir /home/liptp/courses_2025/general_ex_6/sdr-psk-fpga-2025/sdr-psk-fpga-2025.ip_user_files/ipstatic -use_ip_compiled_libs -force -quiet
update_compile_order -fileset sources_1
update_compile_order -fileset sources_1
create_ip -name axis_data_fifo -vendor xilinx.com -library ip -version 2.0 -module_name axis_data_fifo_1 -dir /home/liptp/courses_2025/general_ex_6/sdr-psk-fpga-2025/ip/Tx
set_property -dict [list \
  CONFIG.FIFO_DEPTH {16} \
  CONFIG.HAS_TLAST {1} \
  CONFIG.IS_ACLK_ASYNC {1} \
  CONFIG.TUSER_WIDTH {1} \
] [get_ips axis_data_fifo_1]
generate_target {instantiation_template} [get_files /home/liptp/courses_2025/general_ex_6/sdr-psk-fpga-2025/ip/Tx/axis_data_fifo_1/axis_data_fifo_1.xci]
INFO: [IP_Flow 19-1686] Generating 'Instantiation Template' target for IP 'axis_data_fifo_1'...
generate_target all [get_files  /home/liptp/courses_2025/general_ex_6/sdr-psk-fpga-2025/ip/Tx/axis_data_fifo_1/axis_data_fifo_1.xci]
INFO: [IP_Flow 19-1686] Generating 'Synthesis' target for IP 'axis_data_fifo_1'...
INFO: [IP_Flow 19-1686] Generating 'Simulation' target for IP 'axis_data_fifo_1'...
INFO: [IP_Flow 19-1686] Generating 'Change Log' target for IP 'axis_data_fifo_1'...
catch { config_ip_cache -export [get_ips -all axis_data_fifo_1] }
INFO: [IP_Flow 19-6924] IPCACHE: Running cache check for IP inst: axis_data_fifo_1
export_ip_user_files -of_objects [get_files /home/liptp/courses_2025/general_ex_6/sdr-psk-fpga-2025/ip/Tx/axis_data_fifo_1/axis_data_fifo_1.xci] -no_script -sync -force -quiet
create_ip_run [get_files -of_objects [get_fileset sources_1] /home/liptp/courses_2025/general_ex_6/sdr-psk-fpga-2025/ip/Tx/axis_data_fifo_1/axis_data_fifo_1.xci]
launch_runs axis_data_fifo_1_synth_1 -jobs 32
INFO: [IP_Flow 19-6924] IPCACHE: Running cache check for IP inst: axis_data_fifo_1
[Thu Dec 11 15:40:49 2025] Launched axis_data_fifo_1_synth_1...
Run output will be captured here: /home/liptp/courses_2025/general_ex_6/sdr-psk-fpga-2025/sdr-psk-fpga-2025.runs/axis_data_fifo_1_synth_1/runme.log
export_simulation -lib_map_path [list {modelsim=/home/liptp/courses_2025/general_ex_6/sdr-psk-fpga-2025/sdr-psk-fpga-2025.cache/compile_simlib/modelsim} {questa=/home/liptp/courses_2025/general_ex_6/sdr-psk-fpga-2025/sdr-psk-fpga-2025.cache/compile_simlib/questa} {xcelium=/home/liptp/courses_2025/general_ex_6/sdr-psk-fpga-2025/sdr-psk-fpga-2025.cache/compile_simlib/xcelium} {vcs=/home/liptp/courses_2025/general_ex_6/sdr-psk-fpga-2025/sdr-psk-fpga-2025.cache/compile_simlib/vcs} {riviera=/home/liptp/courses_2025/general_ex_6/sdr-psk-fpga-2025/sdr-psk-fpga-2025.cache/compile_simlib/riviera}] -of_objects [get_files /home/liptp/courses_2025/general_ex_6/sdr-psk-fpga-2025/ip/Tx/axis_data_fifo_1/axis_data_fifo_1.xci] -directory /home/liptp/courses_2025/general_ex_6/sdr-psk-fpga-2025/sdr-psk-fpga-2025.ip_user_files/sim_scripts -ip_user_files_dir /home/liptp/courses_2025/general_ex_6/sdr-psk-fpga-2025/sdr-psk-fpga-2025.ip_user_files -ipstatic_source_dir /home/liptp/courses_2025/general_ex_6/sdr-psk-fpga-2025/sdr-psk-fpga-2025.ip_user_files/ipstatic -use_ip_compiled_libs -force -quiet
create_ip -name fir_compiler -vendor xilinx.com -library ip -version 7.2 -module_name fir_compiler_0 -dir /home/liptp/courses_2025/general_ex_6/sdr-psk-fpga-2025/ip/Costas
set_property -dict [list \
  CONFIG.Clock_Frequency {16.384} \
  CONFIG.CoefficientSource {COE_File} \
  CONFIG.Coefficient_File {/home/liptp/courses_2025/general_ex_6/sdr-psk-fpga-2025/data/costas_loop_LPF.coe} \
  CONFIG.Coefficient_Fractional_Bits {0} \
  CONFIG.Coefficient_Sets {1} \
  CONFIG.Coefficient_Sign {Signed} \
  CONFIG.Coefficient_Structure {Inferred} \
  CONFIG.Coefficient_Width {16} \
  CONFIG.ColumnConfig {14} \
  CONFIG.Data_Width {16} \
  CONFIG.Filter_Architecture {Systolic_Multiply_Accumulate} \
  CONFIG.Output_Rounding_Mode {Truncate_LSBs} \
  CONFIG.Output_Width {16} \
  CONFIG.Quantization {Integer_Coefficients} \
  CONFIG.Sample_Frequency {16.384} \
] [get_ips fir_compiler_0]
INFO: [IP_Flow 19-3484] Absolute path of file '/home/liptp/courses_2025/general_ex_6/sdr-psk-fpga-2025/data/costas_loop_LPF.coe' provided. It will be converted relative to IP Instance files '../../../data/costas_loop_LPF.coe'
generate_target {instantiation_template} [get_files /home/liptp/courses_2025/general_ex_6/sdr-psk-fpga-2025/ip/Costas/fir_compiler_0/fir_compiler_0.xci]
INFO: [IP_Flow 19-1686] Generating 'Instantiation Template' target for IP 'fir_compiler_0'...
generate_target all [get_files  /home/liptp/courses_2025/general_ex_6/sdr-psk-fpga-2025/ip/Costas/fir_compiler_0/fir_compiler_0.xci]
INFO: [IP_Flow 19-1686] Generating 'Synthesis' target for IP 'fir_compiler_0'...
INFO: [IP_Flow 19-1686] Generating 'Simulation' target for IP 'fir_compiler_0'...
INFO: [IP_Flow 19-1686] Generating 'C Simulation' target for IP 'fir_compiler_0'...
INFO: [IP_Flow 19-1686] Generating 'Test Bench' target for IP 'fir_compiler_0'...
INFO: [IP_Flow 19-1686] Generating 'Miscellaneous' target for IP 'fir_compiler_0'...
INFO: [xilinx.com:ip:fir_compiler:7.2-1] fir_compiler_0: Coefficient Reload not selected, no files generated
INFO: [IP_Flow 19-1686] Generating 'Change Log' target for IP 'fir_compiler_0'...
catch { config_ip_cache -export [get_ips -all fir_compiler_0] }
INFO: [IP_Flow 19-6924] IPCACHE: Running cache check for IP inst: fir_compiler_0
export_ip_user_files -of_objects [get_files /home/liptp/courses_2025/general_ex_6/sdr-psk-fpga-2025/ip/Costas/fir_compiler_0/fir_compiler_0.xci] -no_script -sync -force -quiet
create_ip_run [get_files -of_objects [get_fileset sources_1] /home/liptp/courses_2025/general_ex_6/sdr-psk-fpga-2025/ip/Costas/fir_compiler_0/fir_compiler_0.xci]
launch_runs fir_compiler_0_synth_1 -jobs 32
INFO: [IP_Flow 19-6924] IPCACHE: Running cache check for IP inst: fir_compiler_0
[Thu Dec 11 16:14:32 2025] Launched fir_compiler_0_synth_1...
Run output will be captured here: /home/liptp/courses_2025/general_ex_6/sdr-psk-fpga-2025/sdr-psk-fpga-2025.runs/fir_compiler_0_synth_1/runme.log
export_simulation -lib_map_path [list {modelsim=/home/liptp/courses_2025/general_ex_6/sdr-psk-fpga-2025/sdr-psk-fpga-2025.cache/compile_simlib/modelsim} {questa=/home/liptp/courses_2025/general_ex_6/sdr-psk-fpga-2025/sdr-psk-fpga-2025.cache/compile_simlib/questa} {xcelium=/home/liptp/courses_2025/general_ex_6/sdr-psk-fpga-2025/sdr-psk-fpga-2025.cache/compile_simlib/xcelium} {vcs=/home/liptp/courses_2025/general_ex_6/sdr-psk-fpga-2025/sdr-psk-fpga-2025.cache/compile_simlib/vcs} {riviera=/home/liptp/courses_2025/general_ex_6/sdr-psk-fpga-2025/sdr-psk-fpga-2025.cache/compile_simlib/riviera}] -of_objects [get_files /home/liptp/courses_2025/general_ex_6/sdr-psk-fpga-2025/ip/Costas/fir_compiler_0/fir_compiler_0.xci] -directory /home/liptp/courses_2025/general_ex_6/sdr-psk-fpga-2025/sdr-psk-fpga-2025.ip_user_files/sim_scripts -ip_user_files_dir /home/liptp/courses_2025/general_ex_6/sdr-psk-fpga-2025/sdr-psk-fpga-2025.ip_user_files -ipstatic_source_dir /home/liptp/courses_2025/general_ex_6/sdr-psk-fpga-2025/sdr-psk-fpga-2025.ip_user_files/ipstatic -use_ip_compiled_libs -force -quiet
update_compile_order -fileset sources_1
can't read "p_output_type": no such variable
can't read "p_output_type": no such variable
can't read "p_output_type": no such variable
can't read "p_output_type": no such variable
can't read "p_output_type": no such variable
can't read "p_output_type": no such variable
can't read "p_output_type": no such variable
can't read "p_output_type": no such variable
can't read "p_output_type": no such variable
can't read "p_output_type": no such variable
can't read "p_output_type": no such variable
can't read "p_output_type": no such variable
can't read "p_output_type": no such variable
can't read "p_output_type": no such variable
can't read "p_output_type": no such variable
can't read "p_output_type": no such variable
can't read "p_output_type": no such variable
can't read "p_output_type": no such variable
can't read "p_output_type": no such variable
can't read "p_output_type": no such variable
can't read "p_output_type": no such variable
can't read "p_output_type": no such variable
can't read "p_output_type": no such variable
can't read "p_output_type": no such variable
can't read "p_output_type": no such variable
can't read "p_output_type": no such variable
can't read "p_output_type": no such variable
can't read "p_output_type": no such variable
can't read "p_output_type": no such variable
can't read "p_output_type": no such variable
can't read "p_output_type": no such variable
can't read "p_output_type": no such variable
can't read "p_output_type": no such variable
can't read "p_output_type": no such variable
can't read "p_output_type": no such variable
can't read "p_output_type": no such variable
can't read "p_output_type": no such variable
can't read "p_output_type": no such variable
can't read "p_output_type": no such variable
can't read "p_output_type": no such variable
can't read "p_output_type": no such variable
can't read "p_output_type": no such variable
create_ip -name dds_compiler -vendor xilinx.com -library ip -version 6.0 -module_name NCO_DDS -dir /home/liptp/courses_2025/general_ex_6/sdr-psk-fpga-2025/ip/Costas
set_property -dict [list \
  CONFIG.DATA_Has_TLAST {Not_Required} \
  CONFIG.DDS_Clock_Rate {16.384} \
  CONFIG.DSP48_Use {Maximal} \
  CONFIG.Frequency_Resolution {0.4} \
  CONFIG.Has_Phase_Out {false} \
  CONFIG.Latency {8} \
  CONFIG.M_DATA_Has_TUSER {Not_Required} \
  CONFIG.Noise_Shaping {None} \
  CONFIG.OUTPUT_FORM {Twos_Complement} \
  CONFIG.Output_Frequency1 {0} \
  CONFIG.Output_Width {12} \
  CONFIG.PINC1 {0} \
  CONFIG.Parameter_Entry {Hardware_Parameters} \
  CONFIG.Phase_Increment {Streaming} \
  CONFIG.Phase_Width {16} \
  CONFIG.S_PHASE_Has_TUSER {Not_Required} \
  CONFIG.Spurious_Free_Dynamic_Range {72} \
] [get_ips NCO_DDS]
WARNING: [IP_Flow 19-3374] An attempt to modify the value of disabled parameter 'Spurious_Free_Dynamic_Range' from '45' to '72' has been ignored for IP 'NCO_DDS'
generate_target {instantiation_template} [get_files /home/liptp/courses_2025/general_ex_6/sdr-psk-fpga-2025/ip/Costas/NCO_DDS/NCO_DDS.xci]
INFO: [IP_Flow 19-1686] Generating 'Instantiation Template' target for IP 'NCO_DDS'...
generate_target all [get_files  /home/liptp/courses_2025/general_ex_6/sdr-psk-fpga-2025/ip/Costas/NCO_DDS/NCO_DDS.xci]
INFO: [IP_Flow 19-1686] Generating 'Synthesis' target for IP 'NCO_DDS'...
INFO: [IP_Flow 19-1686] Generating 'Simulation' target for IP 'NCO_DDS'...
INFO: [IP_Flow 19-1686] Generating 'C Simulation' target for IP 'NCO_DDS'...
INFO: [IP_Flow 19-1686] Generating 'Test Bench' target for IP 'NCO_DDS'...
INFO: [IP_Flow 19-1686] Generating 'Change Log' target for IP 'NCO_DDS'...
catch { config_ip_cache -export [get_ips -all NCO_DDS] }
INFO: [IP_Flow 19-6924] IPCACHE: Running cache check for IP inst: NCO_DDS
export_ip_user_files -of_objects [get_files /home/liptp/courses_2025/general_ex_6/sdr-psk-fpga-2025/ip/Costas/NCO_DDS/NCO_DDS.xci] -no_script -sync -force -quiet
create_ip_run [get_files -of_objects [get_fileset sources_1] /home/liptp/courses_2025/general_ex_6/sdr-psk-fpga-2025/ip/Costas/NCO_DDS/NCO_DDS.xci]
launch_runs NCO_DDS_synth_1 -jobs 32
INFO: [IP_Flow 19-6924] IPCACHE: Running cache check for IP inst: NCO_DDS
[Thu Dec 11 16:19:04 2025] Launched NCO_DDS_synth_1...
Run output will be captured here: /home/liptp/courses_2025/general_ex_6/sdr-psk-fpga-2025/sdr-psk-fpga-2025.runs/NCO_DDS_synth_1/runme.log
export_simulation -lib_map_path [list {modelsim=/home/liptp/courses_2025/general_ex_6/sdr-psk-fpga-2025/sdr-psk-fpga-2025.cache/compile_simlib/modelsim} {questa=/home/liptp/courses_2025/general_ex_6/sdr-psk-fpga-2025/sdr-psk-fpga-2025.cache/compile_simlib/questa} {xcelium=/home/liptp/courses_2025/general_ex_6/sdr-psk-fpga-2025/sdr-psk-fpga-2025.cache/compile_simlib/xcelium} {vcs=/home/liptp/courses_2025/general_ex_6/sdr-psk-fpga-2025/sdr-psk-fpga-2025.cache/compile_simlib/vcs} {riviera=/home/liptp/courses_2025/general_ex_6/sdr-psk-fpga-2025/sdr-psk-fpga-2025.cache/compile_simlib/riviera}] -of_objects [get_files /home/liptp/courses_2025/general_ex_6/sdr-psk-fpga-2025/ip/Costas/NCO_DDS/NCO_DDS.xci] -directory /home/liptp/courses_2025/general_ex_6/sdr-psk-fpga-2025/sdr-psk-fpga-2025.ip_user_files/sim_scripts -ip_user_files_dir /home/liptp/courses_2025/general_ex_6/sdr-psk-fpga-2025/sdr-psk-fpga-2025.ip_user_files -ipstatic_source_dir /home/liptp/courses_2025/general_ex_6/sdr-psk-fpga-2025/sdr-psk-fpga-2025.ip_user_files/ipstatic -use_ip_compiled_libs -force -quiet
create_ip -name mult_gen -vendor xilinx.com -library ip -version 12.0 -module_name Multiplier -dir /home/liptp/courses_2025/general_ex_6/sdr-psk-fpga-2025/ip/Costas
set_property -dict [list \
  CONFIG.Multiplier_Construction {Use_Mults} \
  CONFIG.OutputWidthLow {8} \
  CONFIG.PipeStages {3} \
  CONFIG.PortAWidth {12} \
  CONFIG.PortBWidth {12} \
  CONFIG.Use_Custom_Output_Width {true} \
] [get_ips Multiplier]
generate_target {instantiation_template} [get_files /home/liptp/courses_2025/general_ex_6/sdr-psk-fpga-2025/ip/Costas/Multiplier/Multiplier.xci]
INFO: [IP_Flow 19-1686] Generating 'Instantiation Template' target for IP 'Multiplier'...
generate_target all [get_files  /home/liptp/courses_2025/general_ex_6/sdr-psk-fpga-2025/ip/Costas/Multiplier/Multiplier.xci]
INFO: [IP_Flow 19-1686] Generating 'Synthesis' target for IP 'Multiplier'...
INFO: [IP_Flow 19-1686] Generating 'Simulation' target for IP 'Multiplier'...
INFO: [IP_Flow 19-1686] Generating 'Change Log' target for IP 'Multiplier'...
catch { config_ip_cache -export [get_ips -all Multiplier] }
INFO: [IP_Flow 19-6924] IPCACHE: Running cache check for IP inst: Multiplier
export_ip_user_files -of_objects [get_files /home/liptp/courses_2025/general_ex_6/sdr-psk-fpga-2025/ip/Costas/Multiplier/Multiplier.xci] -no_script -sync -force -quiet
create_ip_run [get_files -of_objects [get_fileset sources_1] /home/liptp/courses_2025/general_ex_6/sdr-psk-fpga-2025/ip/Costas/Multiplier/Multiplier.xci]
launch_runs Multiplier_synth_1 -jobs 32
INFO: [IP_Flow 19-6924] IPCACHE: Running cache check for IP inst: Multiplier
[Thu Dec 11 16:21:04 2025] Launched Multiplier_synth_1...
Run output will be captured here: /home/liptp/courses_2025/general_ex_6/sdr-psk-fpga-2025/sdr-psk-fpga-2025.runs/Multiplier_synth_1/runme.log
export_simulation -lib_map_path [list {modelsim=/home/liptp/courses_2025/general_ex_6/sdr-psk-fpga-2025/sdr-psk-fpga-2025.cache/compile_simlib/modelsim} {questa=/home/liptp/courses_2025/general_ex_6/sdr-psk-fpga-2025/sdr-psk-fpga-2025.cache/compile_simlib/questa} {xcelium=/home/liptp/courses_2025/general_ex_6/sdr-psk-fpga-2025/sdr-psk-fpga-2025.cache/compile_simlib/xcelium} {vcs=/home/liptp/courses_2025/general_ex_6/sdr-psk-fpga-2025/sdr-psk-fpga-2025.cache/compile_simlib/vcs} {riviera=/home/liptp/courses_2025/general_ex_6/sdr-psk-fpga-2025/sdr-psk-fpga-2025.cache/compile_simlib/riviera}] -of_objects [get_files /home/liptp/courses_2025/general_ex_6/sdr-psk-fpga-2025/ip/Costas/Multiplier/Multiplier.xci] -directory /home/liptp/courses_2025/general_ex_6/sdr-psk-fpga-2025/sdr-psk-fpga-2025.ip_user_files/sim_scripts -ip_user_files_dir /home/liptp/courses_2025/general_ex_6/sdr-psk-fpga-2025/sdr-psk-fpga-2025.ip_user_files -ipstatic_source_dir /home/liptp/courses_2025/general_ex_6/sdr-psk-fpga-2025/sdr-psk-fpga-2025.ip_user_files/ipstatic -use_ip_compiled_libs -force -quiet
create_ip -name fir_compiler -vendor xilinx.com -library ip -version 7.2 -module_name LPF -dir /home/liptp/courses_2025/general_ex_6/sdr-psk-fpga-2025/ip/Costas
set_property -dict [list \
  CONFIG.Clock_Frequency {16.384} \
  CONFIG.CoefficientSource {COE_File} \
  CONFIG.Coefficient_File {/home/liptp/courses_2025/general_ex_6/sdr-psk-fpga-2025/data/costas_loop_LPF.coe} \
  CONFIG.Coefficient_Fractional_Bits {0} \
  CONFIG.Coefficient_Sets {1} \
  CONFIG.Coefficient_Sign {Signed} \
  CONFIG.Coefficient_Structure {Inferred} \
  CONFIG.Coefficient_Width {16} \
  CONFIG.ColumnConfig {14} \
  CONFIG.Data_Width {16} \
  CONFIG.Filter_Architecture {Systolic_Multiply_Accumulate} \
  CONFIG.Number_Paths {2} \
  CONFIG.Output_Width {34} \
  CONFIG.Quantization {Integer_Coefficients} \
  CONFIG.Sample_Frequency {16.384} \
] [get_ips LPF]
INFO: [IP_Flow 19-3484] Absolute path of file '/home/liptp/courses_2025/general_ex_6/sdr-psk-fpga-2025/data/costas_loop_LPF.coe' provided. It will be converted relative to IP Instance files '../../../data/costas_loop_LPF.coe'
generate_target {instantiation_template} [get_files /home/liptp/courses_2025/general_ex_6/sdr-psk-fpga-2025/ip/Costas/LPF/LPF.xci]
INFO: [IP_Flow 19-1686] Generating 'Instantiation Template' target for IP 'LPF'...
update_compile_order -fileset sources_1
generate_target all [get_files  /home/liptp/courses_2025/general_ex_6/sdr-psk-fpga-2025/ip/Costas/LPF/LPF.xci]
INFO: [IP_Flow 19-1686] Generating 'Synthesis' target for IP 'LPF'...
INFO: [IP_Flow 19-1686] Generating 'Simulation' target for IP 'LPF'...
INFO: [IP_Flow 19-1686] Generating 'C Simulation' target for IP 'LPF'...
INFO: [IP_Flow 19-1686] Generating 'Test Bench' target for IP 'LPF'...
INFO: [IP_Flow 19-1686] Generating 'Miscellaneous' target for IP 'LPF'...
INFO: [xilinx.com:ip:fir_compiler:7.2-1] LPF: Coefficient Reload not selected, no files generated
INFO: [IP_Flow 19-1686] Generating 'Change Log' target for IP 'LPF'...
catch { config_ip_cache -export [get_ips -all LPF] }
INFO: [IP_Flow 19-6924] IPCACHE: Running cache check for IP inst: LPF
export_ip_user_files -of_objects [get_files /home/liptp/courses_2025/general_ex_6/sdr-psk-fpga-2025/ip/Costas/LPF/LPF.xci] -no_script -sync -force -quiet
create_ip_run [get_files -of_objects [get_fileset sources_1] /home/liptp/courses_2025/general_ex_6/sdr-psk-fpga-2025/ip/Costas/LPF/LPF.xci]
launch_runs LPF_synth_1 -jobs 32
INFO: [IP_Flow 19-6924] IPCACHE: Running cache check for IP inst: LPF
[Thu Dec 11 16:24:47 2025] Launched LPF_synth_1...
Run output will be captured here: /home/liptp/courses_2025/general_ex_6/sdr-psk-fpga-2025/sdr-psk-fpga-2025.runs/LPF_synth_1/runme.log
export_simulation -lib_map_path [list {modelsim=/home/liptp/courses_2025/general_ex_6/sdr-psk-fpga-2025/sdr-psk-fpga-2025.cache/compile_simlib/modelsim} {questa=/home/liptp/courses_2025/general_ex_6/sdr-psk-fpga-2025/sdr-psk-fpga-2025.cache/compile_simlib/questa} {xcelium=/home/liptp/courses_2025/general_ex_6/sdr-psk-fpga-2025/sdr-psk-fpga-2025.cache/compile_simlib/xcelium} {vcs=/home/liptp/courses_2025/general_ex_6/sdr-psk-fpga-2025/sdr-psk-fpga-2025.cache/compile_simlib/vcs} {riviera=/home/liptp/courses_2025/general_ex_6/sdr-psk-fpga-2025/sdr-psk-fpga-2025.cache/compile_simlib/riviera}] -of_objects [get_files /home/liptp/courses_2025/general_ex_6/sdr-psk-fpga-2025/ip/Costas/LPF/LPF.xci] -directory /home/liptp/courses_2025/general_ex_6/sdr-psk-fpga-2025/sdr-psk-fpga-2025.ip_user_files/sim_scripts -ip_user_files_dir /home/liptp/courses_2025/general_ex_6/sdr-psk-fpga-2025/sdr-psk-fpga-2025.ip_user_files -ipstatic_source_dir /home/liptp/courses_2025/general_ex_6/sdr-psk-fpga-2025/sdr-psk-fpga-2025.ip_user_files/ipstatic -use_ip_compiled_libs -force -quiet
can't read "p_output_type": no such variable
can't read "p_output_type": no such variable
can't read "p_output_type": no such variable
can't read "p_output_type": no such variable
can't read "p_output_type": no such variable
can't read "p_output_type": no such variable
can't read "p_output_type": no such variable
can't read "p_output_type": no such variable
can't read "p_output_type": no such variable
can't read "p_output_type": no such variable
can't read "p_output_type": no such variable
can't read "p_output_type": no such variable
can't read "p_output_type": no such variable
can't read "p_output_type": no such variable
exit
INFO: [Common 17-206] Exiting Vivado at Thu Dec 11 17:29:26 2025...
