#-----------------------------------------------------------
# Vivado v2024.2 (64-bit)
# SW Build 5239630 on Fri Nov 08 22:34:34 MST 2024
# IP Build 5239520 on Sun Nov 10 16:12:51 MST 2024
# SharedData Build 5239561 on Fri Nov 08 14:39:27 MST 2024
# Start of session at: Tue Dec  2 14:45:38 2025
# Process ID         : 48748
# Current directory  : /home/liptp/courses_2025/general_ex_6/sdr-psk-fpga-2025
# Command line       : vivado sdr-psk-fpga-2025.xpr
# Log file           : /home/liptp/courses_2025/general_ex_6/sdr-psk-fpga-2025/vivado.log
# Journal file       : /home/liptp/courses_2025/general_ex_6/sdr-psk-fpga-2025/vivado.jou
# Running On         : LiPtPDesktop
# Platform           : Ubuntu
# Operating System   : Ubuntu 24.04.2 LTS
# Processor Detail   : Intel(R) Core(TM) i9-14900HX
# CPU Frequency      : 2419.198 MHz
# CPU Physical cores : 16
# CPU Logical cores  : 32
# Host memory        : 16611 MB
# Swap memory        : 4294 MB
# Total Virtual      : 20906 MB
# Available Virtual  : 16832 MB
#-----------------------------------------------------------
start_gui
open_project sdr-psk-fpga-2025.xpr
INFO: [filemgmt 56-3] Default IP Output Path : Could not find the directory '/home/liptp/courses_2025/general_ex_6/sdr-psk-fpga-2025/sdr-psk-fpga-2025.gen/sources_1'.
Scanning sources...
Finished scanning sources
INFO: [IP_Flow 19-234] Refreshing IP repositories
INFO: [IP_Flow 19-1704] No user IP repositories specified
INFO: [IP_Flow 19-2313] Loaded Vivado IP repository '/tools/Xilinx/Vivado/2024.2/data/ip'.
update_compile_order -fileset sources_1
create_ip -name proc_sys_reset -vendor xilinx.com -library ip -version 5.0 -module_name proc_sys_reset_gen -dir /home/liptp/courses_2025/general_ex_6/sdr-psk-fpga-2025/ip/Clock_Gen
set_property -dict [list \
  CONFIG.C_AUX_RESET_HIGH {0} \
  CONFIG.C_EXT_RESET_HIGH {0} \
] [get_ips proc_sys_reset_gen]
generate_target {instantiation_template} [get_files /home/liptp/courses_2025/general_ex_6/sdr-psk-fpga-2025/ip/Clock_Gen/proc_sys_reset_gen/proc_sys_reset_gen.xci]
INFO: [IP_Flow 19-1686] Generating 'Instantiation Template' target for IP 'proc_sys_reset_gen'...
update_compile_order -fileset sources_1
generate_target all [get_files  /home/liptp/courses_2025/general_ex_6/sdr-psk-fpga-2025/ip/Clock_Gen/proc_sys_reset_gen/proc_sys_reset_gen.xci]
INFO: [IP_Flow 19-1686] Generating 'Synthesis' target for IP 'proc_sys_reset_gen'...
INFO: [IP_Flow 19-1686] Generating 'Simulation' target for IP 'proc_sys_reset_gen'...
INFO: [IP_Flow 19-1686] Generating 'Implementation' target for IP 'proc_sys_reset_gen'...
INFO: [IP_Flow 19-1686] Generating 'Change Log' target for IP 'proc_sys_reset_gen'...
catch { config_ip_cache -export [get_ips -all proc_sys_reset_gen] }
INFO: [IP_Flow 19-6924] IPCACHE: Running cache check for IP inst: proc_sys_reset_gen
export_ip_user_files -of_objects [get_files /home/liptp/courses_2025/general_ex_6/sdr-psk-fpga-2025/ip/Clock_Gen/proc_sys_reset_gen/proc_sys_reset_gen.xci] -no_script -sync -force -quiet
create_ip_run [get_files -of_objects [get_fileset sources_1] /home/liptp/courses_2025/general_ex_6/sdr-psk-fpga-2025/ip/Clock_Gen/proc_sys_reset_gen/proc_sys_reset_gen.xci]
launch_runs proc_sys_reset_gen_synth_1 -jobs 32
INFO: [IP_Flow 19-6924] IPCACHE: Running cache check for IP inst: proc_sys_reset_gen
[Tue Dec  2 14:49:02 2025] Launched proc_sys_reset_gen_synth_1...
Run output will be captured here: /home/liptp/courses_2025/general_ex_6/sdr-psk-fpga-2025/sdr-psk-fpga-2025.runs/proc_sys_reset_gen_synth_1/runme.log
export_simulation -lib_map_path [list {modelsim=/home/liptp/courses_2025/general_ex_6/sdr-psk-fpga-2025/sdr-psk-fpga-2025.cache/compile_simlib/modelsim} {questa=/home/liptp/courses_2025/general_ex_6/sdr-psk-fpga-2025/sdr-psk-fpga-2025.cache/compile_simlib/questa} {xcelium=/home/liptp/courses_2025/general_ex_6/sdr-psk-fpga-2025/sdr-psk-fpga-2025.cache/compile_simlib/xcelium} {vcs=/home/liptp/courses_2025/general_ex_6/sdr-psk-fpga-2025/sdr-psk-fpga-2025.cache/compile_simlib/vcs} {riviera=/home/liptp/courses_2025/general_ex_6/sdr-psk-fpga-2025/sdr-psk-fpga-2025.cache/compile_simlib/riviera}] -of_objects [get_files /home/liptp/courses_2025/general_ex_6/sdr-psk-fpga-2025/ip/Clock_Gen/proc_sys_reset_gen/proc_sys_reset_gen.xci] -directory /home/liptp/courses_2025/general_ex_6/sdr-psk-fpga-2025/sdr-psk-fpga-2025.ip_user_files/sim_scripts -ip_user_files_dir /home/liptp/courses_2025/general_ex_6/sdr-psk-fpga-2025/sdr-psk-fpga-2025.ip_user_files -ipstatic_source_dir /home/liptp/courses_2025/general_ex_6/sdr-psk-fpga-2025/sdr-psk-fpga-2025.ip_user_files/ipstatic -use_ip_compiled_libs -force -quiet
INFO: [Device 21-403] Loading part xc7z020clg484-1
create_ip -name clk_wiz -vendor xilinx.com -library ip -version 6.0 -module_name clk_wiz_32M768
set_property -dict [list \
  CONFIG.CLKIN1_JITTER_PS {78.12} \
  CONFIG.CLKOUT1_JITTER {154.432} \
  CONFIG.CLKOUT1_PHASE_ERROR {95.333} \
  CONFIG.CLKOUT1_REQUESTED_OUT_FREQ {32.768} \
  CONFIG.CLK_OUT1_PORT {clk_32M768} \
  CONFIG.MMCM_CLKFBOUT_MULT_F {8.000} \
  CONFIG.MMCM_CLKIN1_PERIOD {7.812} \
  CONFIG.MMCM_CLKOUT0_DIVIDE_F {31.250} \
  CONFIG.MMCM_DIVCLK_DIVIDE {1} \
  CONFIG.PRIM_IN_FREQ {128.000} \
  CONFIG.USE_RESET {false} \
] [get_ips clk_wiz_32M768]
generate_target {instantiation_template} [get_files /home/liptp/courses_2025/general_ex_6/sdr-psk-fpga-2025/sdr-psk-fpga-2025.srcs/sources_1/ip/clk_wiz_32M768/clk_wiz_32M768.xci]
INFO: [IP_Flow 19-1686] Generating 'Instantiation Template' target for IP 'clk_wiz_32M768'...
update_compile_order -fileset sources_1
export_ip_user_files -of_objects  [get_files /home/liptp/courses_2025/general_ex_6/sdr-psk-fpga-2025/sdr-psk-fpga-2025.srcs/sources_1/ip/clk_wiz_32M768/clk_wiz_32M768.xci] -no_script -reset -force -quiet
remove_files  /home/liptp/courses_2025/general_ex_6/sdr-psk-fpga-2025/sdr-psk-fpga-2025.srcs/sources_1/ip/clk_wiz_32M768/clk_wiz_32M768.xci
create_ip -name clk_wiz -vendor xilinx.com -library ip -version 6.0 -module_name clk_wiz_32M768 -dir /home/liptp/courses_2025/general_ex_6/sdr-psk-fpga-2025/ip/Clock_Gen
set_property -dict [list \
  CONFIG.CLKIN1_JITTER_PS {78.12} \
  CONFIG.CLKOUT1_JITTER {154.432} \
  CONFIG.CLKOUT1_PHASE_ERROR {95.333} \
  CONFIG.CLKOUT1_REQUESTED_OUT_FREQ {32.768} \
  CONFIG.CLK_OUT1_PORT {clk_32M768} \
  CONFIG.MMCM_CLKFBOUT_MULT_F {8.000} \
  CONFIG.MMCM_CLKIN1_PERIOD {7.812} \
  CONFIG.MMCM_CLKOUT0_DIVIDE_F {31.250} \
  CONFIG.MMCM_DIVCLK_DIVIDE {1} \
  CONFIG.PRIM_IN_FREQ {128} \
  CONFIG.USE_RESET {false} \
] [get_ips clk_wiz_32M768]
generate_target {instantiation_template} [get_files /home/liptp/courses_2025/general_ex_6/sdr-psk-fpga-2025/ip/Clock_Gen/clk_wiz_32M768/clk_wiz_32M768.xci]
INFO: [IP_Flow 19-1686] Generating 'Instantiation Template' target for IP 'clk_wiz_32M768'...
generate_target all [get_files  /home/liptp/courses_2025/general_ex_6/sdr-psk-fpga-2025/ip/Clock_Gen/clk_wiz_32M768/clk_wiz_32M768.xci]
INFO: [IP_Flow 19-1686] Generating 'Synthesis' target for IP 'clk_wiz_32M768'...
INFO: [IP_Flow 19-1686] Generating 'Simulation' target for IP 'clk_wiz_32M768'...
INFO: [IP_Flow 19-1686] Generating 'Implementation' target for IP 'clk_wiz_32M768'...
INFO: [IP_Flow 19-1686] Generating 'Change Log' target for IP 'clk_wiz_32M768'...
catch { config_ip_cache -export [get_ips -all clk_wiz_32M768] }
INFO: [IP_Flow 19-6924] IPCACHE: Running cache check for IP inst: clk_wiz_32M768
export_ip_user_files -of_objects [get_files /home/liptp/courses_2025/general_ex_6/sdr-psk-fpga-2025/ip/Clock_Gen/clk_wiz_32M768/clk_wiz_32M768.xci] -no_script -sync -force -quiet
create_ip_run [get_files -of_objects [get_fileset sources_1] /home/liptp/courses_2025/general_ex_6/sdr-psk-fpga-2025/ip/Clock_Gen/clk_wiz_32M768/clk_wiz_32M768.xci]
launch_runs clk_wiz_32M768_synth_1 -jobs 32
INFO: [IP_Flow 19-6924] IPCACHE: Running cache check for IP inst: clk_wiz_32M768
[Tue Dec  2 14:57:15 2025] Launched clk_wiz_32M768_synth_1...
Run output will be captured here: /home/liptp/courses_2025/general_ex_6/sdr-psk-fpga-2025/sdr-psk-fpga-2025.runs/clk_wiz_32M768_synth_1/runme.log
export_simulation -lib_map_path [list {modelsim=/home/liptp/courses_2025/general_ex_6/sdr-psk-fpga-2025/sdr-psk-fpga-2025.cache/compile_simlib/modelsim} {questa=/home/liptp/courses_2025/general_ex_6/sdr-psk-fpga-2025/sdr-psk-fpga-2025.cache/compile_simlib/questa} {xcelium=/home/liptp/courses_2025/general_ex_6/sdr-psk-fpga-2025/sdr-psk-fpga-2025.cache/compile_simlib/xcelium} {vcs=/home/liptp/courses_2025/general_ex_6/sdr-psk-fpga-2025/sdr-psk-fpga-2025.cache/compile_simlib/vcs} {riviera=/home/liptp/courses_2025/general_ex_6/sdr-psk-fpga-2025/sdr-psk-fpga-2025.cache/compile_simlib/riviera}] -of_objects [get_files /home/liptp/courses_2025/general_ex_6/sdr-psk-fpga-2025/ip/Clock_Gen/clk_wiz_32M768/clk_wiz_32M768.xci] -directory /home/liptp/courses_2025/general_ex_6/sdr-psk-fpga-2025/sdr-psk-fpga-2025.ip_user_files/sim_scripts -ip_user_files_dir /home/liptp/courses_2025/general_ex_6/sdr-psk-fpga-2025/sdr-psk-fpga-2025.ip_user_files -ipstatic_source_dir /home/liptp/courses_2025/general_ex_6/sdr-psk-fpga-2025/sdr-psk-fpga-2025.ip_user_files/ipstatic -use_ip_compiled_libs -force -quiet
create_ip -name clk_wiz -vendor xilinx.com -library ip -version 6.0 -module_name clk_wiz_0 -dir /home/liptp/courses_2025/general_ex_6/sdr-psk-fpga-2025/ip/Clock_Gen
set_property -dict [list \
  CONFIG.CLKOUT1_JITTER {137.542} \
  CONFIG.CLKOUT1_PHASE_ERROR {114.212} \
  CONFIG.CLKOUT1_REQUESTED_OUT_FREQ {128} \
  CONFIG.CLKOUT2_JITTER {126.455} \
  CONFIG.CLKOUT2_PHASE_ERROR {114.212} \
  CONFIG.CLKOUT2_REQUESTED_OUT_FREQ {200} \
  CONFIG.CLKOUT2_USED {true} \
  CONFIG.CLK_OUT1_PORT {clk_128M} \
  CONFIG.CLK_OUT2_PORT {clk_200M} \
  CONFIG.MMCM_CLKFBOUT_MULT_F {8.000} \
  CONFIG.MMCM_CLKOUT0_DIVIDE_F {6.250} \
  CONFIG.MMCM_CLKOUT1_DIVIDE {4} \
  CONFIG.MMCM_DIVCLK_DIVIDE {1} \
  CONFIG.NUM_OUT_CLKS {2} \
  CONFIG.USE_LOCKED {false} \
  CONFIG.USE_RESET {false} \
] [get_ips clk_wiz_0]
generate_target {instantiation_template} [get_files /home/liptp/courses_2025/general_ex_6/sdr-psk-fpga-2025/ip/Clock_Gen/clk_wiz_0/clk_wiz_0.xci]
INFO: [IP_Flow 19-1686] Generating 'Instantiation Template' target for IP 'clk_wiz_0'...
update_compile_order -fileset sources_1
export_ip_user_files -of_objects  [get_files /home/liptp/courses_2025/general_ex_6/sdr-psk-fpga-2025/ip/Clock_Gen/clk_wiz_0/clk_wiz_0.xci] -no_script -reset -force -quiet
remove_files  /home/liptp/courses_2025/general_ex_6/sdr-psk-fpga-2025/ip/Clock_Gen/clk_wiz_0/clk_wiz_0.xci
create_ip -name clk_wiz -vendor xilinx.com -library ip -version 6.0 -module_name clk_wiz_128M -dir /home/liptp/courses_2025/general_ex_6/sdr-psk-fpga-2025/ip/Clock_Gen
set_property -dict [list \
  CONFIG.CLKOUT1_JITTER {137.542} \
  CONFIG.CLKOUT1_PHASE_ERROR {114.212} \
  CONFIG.CLKOUT1_REQUESTED_OUT_FREQ {128.000} \
  CONFIG.CLKOUT2_JITTER {126.455} \
  CONFIG.CLKOUT2_PHASE_ERROR {114.212} \
  CONFIG.CLKOUT2_REQUESTED_OUT_FREQ {200.000} \
  CONFIG.CLKOUT2_USED {true} \
  CONFIG.CLK_OUT1_PORT {clk_128M} \
  CONFIG.CLK_OUT2_PORT {clk_200M} \
  CONFIG.MMCM_CLKFBOUT_MULT_F {8.000} \
  CONFIG.MMCM_CLKOUT0_DIVIDE_F {6.250} \
  CONFIG.MMCM_CLKOUT1_DIVIDE {4} \
  CONFIG.NUM_OUT_CLKS {2} \
  CONFIG.USE_LOCKED {false} \
  CONFIG.USE_RESET {false} \
] [get_ips clk_wiz_128M]
generate_target {instantiation_template} [get_files /home/liptp/courses_2025/general_ex_6/sdr-psk-fpga-2025/ip/Clock_Gen/clk_wiz_128M/clk_wiz_128M.xci]
INFO: [IP_Flow 19-1686] Generating 'Instantiation Template' target for IP 'clk_wiz_128M'...
generate_target all [get_files  /home/liptp/courses_2025/general_ex_6/sdr-psk-fpga-2025/ip/Clock_Gen/clk_wiz_128M/clk_wiz_128M.xci]
INFO: [IP_Flow 19-1686] Generating 'Synthesis' target for IP 'clk_wiz_128M'...
INFO: [IP_Flow 19-1686] Generating 'Simulation' target for IP 'clk_wiz_128M'...
INFO: [IP_Flow 19-1686] Generating 'Implementation' target for IP 'clk_wiz_128M'...
INFO: [IP_Flow 19-1686] Generating 'Change Log' target for IP 'clk_wiz_128M'...
catch { config_ip_cache -export [get_ips -all clk_wiz_128M] }
INFO: [IP_Flow 19-6924] IPCACHE: Running cache check for IP inst: clk_wiz_128M
export_ip_user_files -of_objects [get_files /home/liptp/courses_2025/general_ex_6/sdr-psk-fpga-2025/ip/Clock_Gen/clk_wiz_128M/clk_wiz_128M.xci] -no_script -sync -force -quiet
create_ip_run [get_files -of_objects [get_fileset sources_1] /home/liptp/courses_2025/general_ex_6/sdr-psk-fpga-2025/ip/Clock_Gen/clk_wiz_128M/clk_wiz_128M.xci]
launch_runs clk_wiz_128M_synth_1 -jobs 32
INFO: [IP_Flow 19-6924] IPCACHE: Running cache check for IP inst: clk_wiz_128M
[Tue Dec  2 15:02:20 2025] Launched clk_wiz_128M_synth_1...
Run output will be captured here: /home/liptp/courses_2025/general_ex_6/sdr-psk-fpga-2025/sdr-psk-fpga-2025.runs/clk_wiz_128M_synth_1/runme.log
export_simulation -lib_map_path [list {modelsim=/home/liptp/courses_2025/general_ex_6/sdr-psk-fpga-2025/sdr-psk-fpga-2025.cache/compile_simlib/modelsim} {questa=/home/liptp/courses_2025/general_ex_6/sdr-psk-fpga-2025/sdr-psk-fpga-2025.cache/compile_simlib/questa} {xcelium=/home/liptp/courses_2025/general_ex_6/sdr-psk-fpga-2025/sdr-psk-fpga-2025.cache/compile_simlib/xcelium} {vcs=/home/liptp/courses_2025/general_ex_6/sdr-psk-fpga-2025/sdr-psk-fpga-2025.cache/compile_simlib/vcs} {riviera=/home/liptp/courses_2025/general_ex_6/sdr-psk-fpga-2025/sdr-psk-fpga-2025.cache/compile_simlib/riviera}] -of_objects [get_files /home/liptp/courses_2025/general_ex_6/sdr-psk-fpga-2025/ip/Clock_Gen/clk_wiz_128M/clk_wiz_128M.xci] -directory /home/liptp/courses_2025/general_ex_6/sdr-psk-fpga-2025/sdr-psk-fpga-2025.ip_user_files/sim_scripts -ip_user_files_dir /home/liptp/courses_2025/general_ex_6/sdr-psk-fpga-2025/sdr-psk-fpga-2025.ip_user_files -ipstatic_source_dir /home/liptp/courses_2025/general_ex_6/sdr-psk-fpga-2025/sdr-psk-fpga-2025.ip_user_files/ipstatic -use_ip_compiled_libs -force -quiet
create_ip -name axis_data_fifo -vendor xilinx.com -library ip -version 2.0 -module_name axis_data_fifo_0 -dir /home/liptp/courses_2025/general_ex_6/sdr-psk-fpga-2025/ip/Tx
set_property -dict [list \
  CONFIG.HAS_TLAST {1} \
  CONFIG.TUSER_WIDTH {1} \
] [get_ips axis_data_fifo_0]
generate_target {instantiation_template} [get_files /home/liptp/courses_2025/general_ex_6/sdr-psk-fpga-2025/ip/Tx/axis_data_fifo_0/axis_data_fifo_0.xci]
INFO: [IP_Flow 19-1686] Generating 'Instantiation Template' target for IP 'axis_data_fifo_0'...
generate_target all [get_files  /home/liptp/courses_2025/general_ex_6/sdr-psk-fpga-2025/ip/Tx/axis_data_fifo_0/axis_data_fifo_0.xci]
INFO: [IP_Flow 19-1686] Generating 'Synthesis' target for IP 'axis_data_fifo_0'...
INFO: [IP_Flow 19-1686] Generating 'Simulation' target for IP 'axis_data_fifo_0'...
INFO: [IP_Flow 19-1686] Generating 'Change Log' target for IP 'axis_data_fifo_0'...
catch { config_ip_cache -export [get_ips -all axis_data_fifo_0] }
INFO: [IP_Flow 19-6924] IPCACHE: Running cache check for IP inst: axis_data_fifo_0
export_ip_user_files -of_objects [get_files /home/liptp/courses_2025/general_ex_6/sdr-psk-fpga-2025/ip/Tx/axis_data_fifo_0/axis_data_fifo_0.xci] -no_script -sync -force -quiet
create_ip_run [get_files -of_objects [get_fileset sources_1] /home/liptp/courses_2025/general_ex_6/sdr-psk-fpga-2025/ip/Tx/axis_data_fifo_0/axis_data_fifo_0.xci]
launch_runs axis_data_fifo_0_synth_1 -jobs 32
INFO: [IP_Flow 19-6924] IPCACHE: Running cache check for IP inst: axis_data_fifo_0
[Tue Dec  2 15:37:20 2025] Launched axis_data_fifo_0_synth_1...
Run output will be captured here: /home/liptp/courses_2025/general_ex_6/sdr-psk-fpga-2025/sdr-psk-fpga-2025.runs/axis_data_fifo_0_synth_1/runme.log
export_simulation -lib_map_path [list {modelsim=/home/liptp/courses_2025/general_ex_6/sdr-psk-fpga-2025/sdr-psk-fpga-2025.cache/compile_simlib/modelsim} {questa=/home/liptp/courses_2025/general_ex_6/sdr-psk-fpga-2025/sdr-psk-fpga-2025.cache/compile_simlib/questa} {xcelium=/home/liptp/courses_2025/general_ex_6/sdr-psk-fpga-2025/sdr-psk-fpga-2025.cache/compile_simlib/xcelium} {vcs=/home/liptp/courses_2025/general_ex_6/sdr-psk-fpga-2025/sdr-psk-fpga-2025.cache/compile_simlib/vcs} {riviera=/home/liptp/courses_2025/general_ex_6/sdr-psk-fpga-2025/sdr-psk-fpga-2025.cache/compile_simlib/riviera}] -of_objects [get_files /home/liptp/courses_2025/general_ex_6/sdr-psk-fpga-2025/ip/Tx/axis_data_fifo_0/axis_data_fifo_0.xci] -directory /home/liptp/courses_2025/general_ex_6/sdr-psk-fpga-2025/sdr-psk-fpga-2025.ip_user_files/sim_scripts -ip_user_files_dir /home/liptp/courses_2025/general_ex_6/sdr-psk-fpga-2025/sdr-psk-fpga-2025.ip_user_files -ipstatic_source_dir /home/liptp/courses_2025/general_ex_6/sdr-psk-fpga-2025/sdr-psk-fpga-2025.ip_user_files/ipstatic -use_ip_compiled_libs -force -quiet
